2026-02-23 16:59:42,974 INFO o.a.j.u.JMeterUtils: Setting Locale to en_EN
2026-02-23 16:59:42,992 INFO o.a.j.JMeter: Loading user properties from: user.properties
2026-02-23 16:59:42,992 INFO o.a.j.JMeter: Loading system properties from: system.properties
2026-02-23 16:59:42,997 INFO o.a.j.JMeter: Copyright (c) 1998-2024 The Apache Software Foundation
2026-02-23 16:59:42,997 INFO o.a.j.JMeter: Version 5.6.3
2026-02-23 16:59:42,997 INFO o.a.j.JMeter: java.version=21.0.3
2026-02-23 16:59:42,997 INFO o.a.j.JMeter: java.vm.name=OpenJDK 64-Bit Server VM
2026-02-23 16:59:42,997 INFO o.a.j.JMeter: os.name=Linux
2026-02-23 16:59:42,997 INFO o.a.j.JMeter: os.arch=amd64
2026-02-23 16:59:42,997 INFO o.a.j.JMeter: os.version=6.5.0-44-generic
2026-02-23 16:59:42,997 INFO o.a.j.JMeter: file.encoding=UTF-8
2026-02-23 16:59:42,998 INFO o.a.j.JMeter: java.awt.headless=null
2026-02-23 16:59:42,998 INFO o.a.j.JMeter: Max memory     =1073741824
2026-02-23 16:59:42,998 INFO o.a.j.JMeter: Available Processors =8
2026-02-23 16:59:43,007 INFO o.a.j.JMeter: Default Locale=English (EN)
2026-02-23 16:59:43,007 INFO o.a.j.JMeter: JMeter  Locale=English (EN)
2026-02-23 16:59:43,008 INFO o.a.j.JMeter: JMeterHome=/home/dmytro/dev/projects/interview/jmetter/apache-jmeter-5.6.3
2026-02-23 16:59:43,008 INFO o.a.j.JMeter: user.dir  =/home/dmytro/dev/projects/interview/jmetter/apache-jmeter-5.6.3/bin
2026-02-23 16:59:43,008 INFO o.a.j.JMeter: PWD       =/home/dmytro/dev/projects/interview/jmetter/apache-jmeter-5.6.3/bin
2026-02-23 16:59:43,008 INFO o.a.j.JMeter: IP: 127.0.1.1 Name: dmytro-work FullName: dmytro-work
